<?xml version="1.0" encoding="UTF-8"?>
<!-- Generated by org.testng.reporters.JUnitXMLReporter -->
<testsuite ignored="0" hostname="LAPTOP-JF7LLMJD" failures="0" tests="4" name="Default test" time="2.458" errors="0" timestamp="2024-12-28T20:27:35 EST">
  <testcase classname="api.test.UserTests" name="testPostUser" time="1.489"/>
  <testcase classname="api.test.UserTests" name="testgetUser" time="0.164"/>
  <testcase classname="api.test.UserTests" name="testUpdateUser" time="0.457"/>
  <testcase classname="api.test.UserTests" name="testDeleteUser" time="0.152"/>
</testsuite> <!-- Default test -->
