<?xml version="1.0" encoding="UTF-8"?>
<!-- Generated by org.testng.reporters.JUnitXMLReporter -->
<testsuite ignored="0" hostname="LAPTOP-JF7LLMJD" failures="2" tests="2" name="Test" time="0.034" errors="0" timestamp="2024-12-28T22:35:18 EST">
  <testcase classname="api.test.DataDrivenTests" name="testPostUser" time="0.0">
    <failure type="java.lang.RuntimeException" message="java.io.FileNotFoundException: C:\Users\savig\eclipse-workspace_Ford1\restAssuredFramework\testData\testdata.xlsx (The system cannot find the path specified)">
      <![CDATA[java.lang.RuntimeException: java.io.FileNotFoundException: C:\Users\savig\eclipse-workspace_Ford1\restAssuredFramework\testData\testdata.xlsx (The system cannot find the path specified)
at java.base/java.util.ArrayList.forEach(ArrayList.java:1511)
Caused by: java.io.FileNotFoundException: C:\Users\savig\eclipse-workspace_Ford1\restAssuredFramework\testData\testdata.xlsx (The system cannot find the path specified)
at java.base/java.io.FileInputStream.open0(Native Method)
at java.base/java.io.FileInputStream.open(FileInputStream.java:211)
at java.base/java.io.FileInputStream.<init>(FileInputStream.java:153)
at java.base/java.io.FileInputStream.<init>(FileInputStream.java:108)
at api.utilities.XLUtility.getRowCount(XLUtility.java:36)
at api.utilities.apiDataProvider.getAllData(apiDataProvider.java:15)
... 25 more
... Removed 32 stack frames]]>
    </failure>
  </testcase> <!-- testPostUser -->
  <testcase classname="api.test.DataDrivenTests" name="testDeleteUser" time="0.0">
    <failure type="java.lang.RuntimeException" message="java.io.FileNotFoundException: C:\Users\savig\eclipse-workspace_Ford1\restAssuredFramework\testData\testdata.xlsx (The system cannot find the path specified)">
      <![CDATA[java.lang.RuntimeException: java.io.FileNotFoundException: C:\Users\savig\eclipse-workspace_Ford1\restAssuredFramework\testData\testdata.xlsx (The system cannot find the path specified)
at java.base/java.util.ArrayList.forEach(ArrayList.java:1511)
Caused by: java.io.FileNotFoundException: C:\Users\savig\eclipse-workspace_Ford1\restAssuredFramework\testData\testdata.xlsx (The system cannot find the path specified)
at java.base/java.io.FileInputStream.open0(Native Method)
at java.base/java.io.FileInputStream.open(FileInputStream.java:211)
at java.base/java.io.FileInputStream.<init>(FileInputStream.java:153)
at java.base/java.io.FileInputStream.<init>(FileInputStream.java:108)
at api.utilities.XLUtility.getRowCount(XLUtility.java:36)
at api.utilities.apiDataProvider.getUserData(apiDataProvider.java:37)
... 25 more
... Removed 32 stack frames]]>
    </failure>
  </testcase> <!-- testDeleteUser -->
</testsuite> <!-- Test -->
