<?xml version="1.0" encoding="UTF-8"?>
<testng-results ignored="0" total="4" passed="4" failed="0" skipped="0">
  <reporter-output>
  </reporter-output>
  <suite started-at="2024-12-28T20:27:32 EST" name="Default suite" finished-at="2024-12-28T20:27:35 EST" duration-ms="2458">
    <groups>
    </groups>
    <test started-at="2024-12-28T20:27:32 EST" name="Default test" finished-at="2024-12-28T20:27:35 EST" duration-ms="2458">
      <class name="api.test.UserTests">
        <test-method is-config="true" signature="setupData()[pri:0, instance:api.test.UserTests@6574a52c]" started-at="2024-12-28T20:27:33 EST" name="setupData" finished-at="2024-12-28T20:27:33 EST" duration-ms="163" status="PASS">
          <reporter-output>
          </reporter-output>
        </test-method> <!-- setupData -->
        <test-method signature="testPostUser()[pri:1, instance:api.test.UserTests@6574a52c]" started-at="2024-12-28T20:27:33 EST" name="testPostUser" finished-at="2024-12-28T20:27:34 EST" duration-ms="1489" status="PASS">
          <reporter-output>
          </reporter-output>
        </test-method> <!-- testPostUser -->
        <test-method signature="testgetUser()[pri:2, instance:api.test.UserTests@6574a52c]" started-at="2024-12-28T20:27:34 EST" name="testgetUser" finished-at="2024-12-28T20:27:34 EST" duration-ms="164" status="PASS">
          <reporter-output>
          </reporter-output>
        </test-method> <!-- testgetUser -->
        <test-method signature="testUpdateUser()[pri:3, instance:api.test.UserTests@6574a52c]" started-at="2024-12-28T20:27:34 EST" name="testUpdateUser" finished-at="2024-12-28T20:27:35 EST" duration-ms="457" status="PASS">
          <reporter-output>
          </reporter-output>
        </test-method> <!-- testUpdateUser -->
        <test-method signature="testDeleteUser()[pri:4, instance:api.test.UserTests@6574a52c]" started-at="2024-12-28T20:27:35 EST" name="testDeleteUser" finished-at="2024-12-28T20:27:35 EST" duration-ms="152" status="PASS">
          <reporter-output>
          </reporter-output>
        </test-method> <!-- testDeleteUser -->
      </class> <!-- api.test.UserTests -->
    </test> <!-- Default test -->
  </suite> <!-- Default suite -->
</testng-results>
